<?xml version="1.0" encoding="UTF-8"?>
<!-- Generated by org.testng.reporters.JUnitXMLReporter -->
<testsuite hostname="LNLA010P3014" ignored="0" name="Default test" tests="2" failures="0" timestamp="2020-12-02T15:36:04 IST" time="45.522" errors="0">
  <testcase name="doLoginTest" time="0.228" classname="MvnPckg4.tests.LoginTest">
    <skipped/>
  </testcase> <!-- doLoginTest -->
  <testcase name="doLoginTest" time="42.148" classname="MvnPckg4.tests.LoginTest"/>
</testsuite> <!-- Default test -->
