<?xml version="1.0" encoding="UTF-8"?>
<testng-results skipped="1" failed="0" ignored="0" total="2" passed="1">
  <reporter-output>
  </reporter-output>
  <suite name="Default suite" duration-ms="45522" started-at="2020-12-02T15:35:18 IST" finished-at="2020-12-02T15:36:04 IST">
    <groups>
    </groups>
    <test name="Default test" duration-ms="45522" started-at="2020-12-02T15:35:18 IST" finished-at="2020-12-02T15:36:04 IST">
      <class name="MvnPckg4.tests.LoginTest">
        <test-method status="PASS" signature="init()[pri:0, instance:MvnPckg4.tests.LoginTest@729b1e]" name="init" is-config="true" duration-ms="27" started-at="2020-12-02T15:35:18 IST" finished-at="2020-12-02T15:35:18 IST">
          <reporter-output>
          </reporter-output>
        </test-method> <!-- init -->
        <test-method status="SKIP" signature="doLoginTest(java.util.HashMap)[pri:0, instance:MvnPckg4.tests.LoginTest@729b1e]" name="doLoginTest" duration-ms="228" started-at="2020-12-02T15:35:19 IST" data-provider="getData" finished-at="2020-12-02T15:35:19 IST">
          <params>
            <param index="0">
              <value>
                <![CDATA[{Runmode=N, ExpectedResult=Failure, Username=seleniumbyarun99@gmail.com, Browser=Firefox, Password=Demopassword$}]]>
              </value>
            </param>
          </params>
          <exception class="org.testng.SkipException">
            <message>
              <![CDATA[skipping the test as the run mode is set to N]]>
            </message>
            <full-stacktrace>
              <![CDATA[org.testng.SkipException: skipping the test as the run mode is set to N
at MvnPckg4.tests.LoginTest.doLoginTest(LoginTest.java:62)
at sun.reflect.NativeMethodAccessorImpl.invoke0(Native Method)
at sun.reflect.NativeMethodAccessorImpl.invoke(Unknown Source)
at sun.reflect.DelegatingMethodAccessorImpl.invoke(Unknown Source)
at java.lang.reflect.Method.invoke(Unknown Source)
at org.testng.internal.MethodInvocationHelper.invokeMethod(MethodInvocationHelper.java:133)
at org.testng.internal.TestInvoker.invokeMethod(TestInvoker.java:584)
at org.testng.internal.TestInvoker.invokeTestMethod(TestInvoker.java:172)
at org.testng.internal.MethodRunner.runInSequence(MethodRunner.java:46)
at org.testng.internal.TestInvoker$MethodInvocationAgent.invoke(TestInvoker.java:804)
at org.testng.internal.TestInvoker.invokeTestMethods(TestInvoker.java:145)
at org.testng.internal.TestMethodWorker.invokeTestMethods(TestMethodWorker.java:146)
at org.testng.internal.TestMethodWorker.run(TestMethodWorker.java:128)
at java.util.ArrayList.forEach(Unknown Source)
at org.testng.TestRunner.privateRun(TestRunner.java:770)
at org.testng.TestRunner.run(TestRunner.java:591)
at org.testng.SuiteRunner.runTest(SuiteRunner.java:402)
at org.testng.SuiteRunner.runSequentially(SuiteRunner.java:396)
at org.testng.SuiteRunner.privateRun(SuiteRunner.java:355)
at org.testng.SuiteRunner.run(SuiteRunner.java:304)
at org.testng.SuiteRunnerWorker.runSuite(SuiteRunnerWorker.java:53)
at org.testng.SuiteRunnerWorker.run(SuiteRunnerWorker.java:96)
at org.testng.TestNG.runSuitesSequentially(TestNG.java:1180)
at org.testng.TestNG.runSuitesLocally(TestNG.java:1102)
at org.testng.TestNG.runSuites(TestNG.java:1032)
at org.testng.TestNG.run(TestNG.java:1000)
at org.testng.remote.AbstractRemoteTestNG.run(AbstractRemoteTestNG.java:115)
at org.testng.remote.RemoteTestNG.initAndRun(RemoteTestNG.java:251)
at org.testng.remote.RemoteTestNG.main(RemoteTestNG.java:77)
]]>
            </full-stacktrace>
          </exception> <!-- org.testng.SkipException -->
          <reporter-output>
          </reporter-output>
        </test-method> <!-- doLoginTest -->
        <test-method status="PASS" signature="testClosure()[pri:0, instance:MvnPckg4.tests.LoginTest@729b1e]" name="testClosure" is-config="true" duration-ms="477" started-at="2020-12-02T15:35:19 IST" finished-at="2020-12-02T15:35:20 IST">
          <reporter-output>
          </reporter-output>
        </test-method> <!-- testClosure -->
        <test-method status="PASS" signature="doLoginTest(java.util.HashMap)[pri:0, instance:MvnPckg4.tests.LoginTest@729b1e]" name="doLoginTest" duration-ms="42148" started-at="2020-12-02T15:35:20 IST" data-provider="getData" finished-at="2020-12-02T15:36:02 IST">
          <params>
            <param index="0">
              <value>
                <![CDATA[{Runmode=Y, ExpectedResult=Success, Username=seleniumbyarun99@gmail.com, Browser=Chrome, Password=Demopassword$}]]>
              </value>
            </param>
          </params>
          <reporter-output>
          </reporter-output>
        </test-method> <!-- doLoginTest -->
        <test-method status="PASS" signature="testClosure()[pri:0, instance:MvnPckg4.tests.LoginTest@729b1e]" name="testClosure" is-config="true" duration-ms="1721" started-at="2020-12-02T15:36:02 IST" finished-at="2020-12-02T15:36:04 IST">
          <reporter-output>
          </reporter-output>
        </test-method> <!-- testClosure -->
      </class> <!-- MvnPckg4.tests.LoginTest -->
    </test> <!-- Default test -->
  </suite> <!-- Default suite -->
</testng-results>
